#
# A fatal error has been detected by the Java Runtime Environment:
#
#  EXCEPTION_ACCESS_VIOLATION (0xc0000005) at pc=0x000000006f8c58c8, pid=6176, tid=0x0000000000001b20
#
# JRE version: Java(TM) SE Runtime Environment (8.0_172-b11) (build 1.8.0_172-b11)
# Java VM: Java HotSpot(TM) 64-Bit Server VM (25.172-b11 mixed mode windows-amd64 compressed oops)
# Problematic frame:
# C  [sqlite-3.8.10.1-2e97328c-9ffe-4ed2-adb1-0b38504a2865-sqlitejdbc.dll+0x58c8]
#
# Failed to write core dump. Minidumps are not enabled by default on client versions of Windows
#
# If you would like to submit a bug report, please visit:
#   http://bugreport.java.com/bugreport/crash.jsp
# The crash happened outside the Java Virtual Machine in native code.
# See problematic frame for where to report the bug.
#

---------------  T H R E A D  ---------------

Current thread (0x0000000016ac2000):  JavaThread "JavaFX Application Thread" [_thread_in_native, id=6944, stack(0x00000000175d0000,0x00000000176d0000)]

siginfo: ExceptionCode=0xc0000005, reading address 0x0000000000000000

Registers:
RAX=0x000000006f8c2330, RBX=0x0000000016ac21f8, RCX=0x0000000000000000, RDX=0x0000000000000000
RSP=0x00000000176cb960, RBP=0x00000000176cba80, RSI=0x00000000edc45dc8, RDI=0x00000000edc45d80
R8 =0x000000006f8f0770, R9 =0x0000000000000000, R10=0x0000000002899763, R11=0x000000005353cdc0
R12=0x0000000000000000, R13=0x00000000149dc540, R14=0x00000000176cbab8, R15=0x0000000016ac2000
RIP=0x000000006f8c58c8, EFLAGS=0x0000000000010206

Top of Stack: (sp=0x00000000176cb960)
0x00000000176cb960:   00000000176cbab0 00000000028a47bf
0x00000000176cb970:   00000000166fe3c8 0000000014b50290
0x00000000176cb980:   0000000016ac2000 00000000176cbaa0
0x00000000176cb990:   00000000028a4e43 0000000016ac21f8
0x00000000176cb9a0:   00000000edc45dc8 00000000edc45d80
0x00000000176cb9b0:   00000000176cba80 000000006f8c2343
0x00000000176cb9c0:   00000000000000b6 0000000014b65268
0x00000000176cb9d0:   0000000016ac2000 00000000149d8ea8
0x00000000176cb9e0:   00000000149dc540 000000000289978f
0x00000000176cb9f0:   00000000800d99b8 0000000016ac2000
0x00000000176cba00:   0000000014b47a80 0000000014b65268
0x00000000176cba10:   0000000016ac2000 0000000014b47a80
0x00000000176cba20:   0000000016ac2000 0000000016ac2000
0x00000000176cba30:   0000000000000001 00000000edc447a0
0x00000000176cba40:   00000000176cba30 0000000000000000
0x00000000176cba50:   00000000176cbab8 0000000014a1d3d8 

Instructions: (pc=0x000000006f8c58c8)
0x000000006f8c58a8:   83 79 28 00 74 07 0f b7 81 88 00 00 00 f3 c3 66
0x000000006f8c58b8:   0f 1f 84 00 00 00 00 00 55 57 56 53 48 83 ec 38
0x000000006f8c58c8:   48 8b 31 0f b7 81 88 00 00 00 85 d2 48 89 cb 4c
0x000000006f8c58d8:   89 c7 78 74 39 c2 7d 70 44 89 cd 48 8b 4e 18 0f 


Register to memory mapping:

RAX=0x000000006f8c2330 is an unknown value
RBX=0x0000000016ac21f8 is an unknown value
RCX=0x0000000000000000 is an unknown value
RDX=0x0000000000000000 is an unknown value
RSP=0x00000000176cb960 is pointing into the stack for thread: 0x0000000016ac2000
RBP=0x00000000176cba80 is pointing into the stack for thread: 0x0000000016ac2000
RSI=0x00000000edc45dc8 is an oop
[C 
 - klass: {type array char}
 - length: 16
RDI=0x00000000edc45d80 is an oop
[C 
 - klass: {type array char}
 - length: 16
R8 =0x000000006f8f0770 is an unknown value
R9 =0x0000000000000000 is an unknown value
R10=0x0000000002899763 is at code_begin+1283 in an Interpreter codelet
method entry point (kind = native_synchronized)  [0x0000000002899260, 0x0000000002899dc0]  2912 bytes
R11=0x000000005353cdc0 is an unknown value
R12=0x0000000000000000 is an unknown value
R13={method} {0x00000000149dc548} 'column_name' '(JI)Ljava/lang/String;' in 'org/sqlite/core/NativeDB'
R14=0x00000000176cbab8 is pointing into the stack for thread: 0x0000000016ac2000
R15=0x0000000016ac2000 is a thread


Stack: [0x00000000175d0000,0x00000000176d0000],  sp=0x00000000176cb960,  free space=1006k
Native frames: (J=compiled Java code, j=interpreted, Vv=VM code, C=native code)
C  [sqlite-3.8.10.1-2e97328c-9ffe-4ed2-adb1-0b38504a2865-sqlitejdbc.dll+0x58c8]
C  [sqlite-3.8.10.1-2e97328c-9ffe-4ed2-adb1-0b38504a2865-sqlitejdbc.dll+0x2343]
C  0x000000000289978f

Java frames: (J=compiled Java code, j=interpreted, Vv=VM code)
j  org.sqlite.core.NativeDB.column_name(JI)Ljava/lang/String;+0
j  org.sqlite.jdbc3.JDBC3ResultSet.getColumnName(I)Ljava/lang/String;+16
j  GUI.TelaInicialController.telaCriarFicha(Ljavafx/event/ActionEvent;)V+105
v  ~StubRoutines::call_stub
j  sun.reflect.NativeMethodAccessorImpl.invoke0(Ljava/lang/reflect/Method;Ljava/lang/Object;[Ljava/lang/Object;)Ljava/lang/Object;+0
j  sun.reflect.NativeMethodAccessorImpl.invoke(Ljava/lang/Object;[Ljava/lang/Object;)Ljava/lang/Object;+100
j  sun.reflect.DelegatingMethodAccessorImpl.invoke(Ljava/lang/Object;[Ljava/lang/Object;)Ljava/lang/Object;+6
j  java.lang.reflect.Method.invoke(Ljava/lang/Object;[Ljava/lang/Object;)Ljava/lang/Object;+56
j  sun.reflect.misc.Trampoline.invoke(Ljava/lang/reflect/Method;Ljava/lang/Object;[Ljava/lang/Object;)Ljava/lang/Object;+7
j  sun.reflect.GeneratedMethodAccessor1.invoke(Ljava/lang/Object;[Ljava/lang/Object;)Ljava/lang/Object;+40
j  sun.reflect.DelegatingMethodAccessorImpl.invoke(Ljava/lang/Object;[Ljava/lang/Object;)Ljava/lang/Object;+6
j  java.lang.reflect.Method.invoke(Ljava/lang/Object;[Ljava/lang/Object;)Ljava/lang/Object;+56
j  sun.reflect.misc.MethodUtil.invoke(Ljava/lang/reflect/Method;Ljava/lang/Object;[Ljava/lang/Object;)Ljava/lang/Object;+20
j  javafx.fxml.FXMLLoader$MethodHandler.invoke([Ljava/lang/Object;)V+19
j  javafx.fxml.FXMLLoader$ControllerMethodEventHandler.handle(Ljavafx/event/Event;)V+12
j  com.sun.javafx.event.CompositeEventHandler.dispatchBubblingEvent(Ljavafx/event/Event;)V+51
j  com.sun.javafx.event.EventHandlerManager.dispatchBubblingEvent(Ljavafx/event/EventType;Ljavafx/event/Event;)Ljavafx/event/Event;+29
j  com.sun.javafx.event.EventHandlerManager.dispatchBubblingEvent(Ljavafx/event/Event;)Ljavafx/event/Event;+8
j  com.sun.javafx.event.CompositeEventDispatcher.dispatchBubblingEvent(Ljavafx/event/Event;)Ljavafx/event/Event;+11
j  com.sun.javafx.event.BasicEventDispatcher.dispatchEvent(Ljavafx/event/Event;Ljavafx/event/EventDispatchChain;)Ljavafx/event/Event;+29
j  com.sun.javafx.event.EventDispatchChainImpl.dispatchEvent(Ljavafx/event/Event;)Ljavafx/event/Event;+69
j  com.sun.javafx.event.BasicEventDispatcher.dispatchEvent(Ljavafx/event/Event;Ljavafx/event/EventDispatchChain;)Ljavafx/event/Event;+17
j  com.sun.javafx.event.EventDispatchChainImpl.dispatchEvent(Ljavafx/event/Event;)Ljavafx/event/Event;+69
j  com.sun.javafx.event.BasicEventDispatcher.dispatchEvent(Ljavafx/event/Event;Ljavafx/event/EventDispatchChain;)Ljavafx/event/Event;+17
j  com.sun.javafx.event.EventDispatchChainImpl.dispatchEvent(Ljavafx/event/Event;)Ljavafx/event/Event;+69
j  com.sun.javafx.event.EventUtil.fireEventImpl(Ljavafx/event/EventDispatchChain;Ljavafx/event/EventTarget;Ljavafx/event/Event;)Ljavafx/event/Event;+10
j  com.sun.javafx.event.EventUtil.fireEvent(Ljavafx/event/EventTarget;Ljavafx/event/Event;)Ljavafx/event/Event;+37
j  javafx.event.Event.fireEvent(Ljavafx/event/EventTarget;Ljavafx/event/Event;)V+30
j  javafx.scene.Node.fireEvent(Ljavafx/event/Event;)V+86
j  javafx.scene.control.Button.fire()V+15
j  com.sun.javafx.scene.control.behavior.ButtonBehavior.mouseReleased(Ljavafx/scene/input/MouseEvent;)V+23
j  com.sun.javafx.scene.control.skin.BehaviorSkinBase$1.handle(Ljavafx/scene/input/MouseEvent;)V+83
j  com.sun.javafx.scene.control.skin.BehaviorSkinBase$1.handle(Ljavafx/event/Event;)V+5
j  com.sun.javafx.event.CompositeEventHandler$NormalEventHandlerRecord.handleBubblingEvent(Ljavafx/event/Event;)V+5
j  com.sun.javafx.event.CompositeEventHandler.dispatchBubblingEvent(Ljavafx/event/Event;)V+28
j  com.sun.javafx.event.EventHandlerManager.dispatchBubblingEvent(Ljavafx/event/EventType;Ljavafx/event/Event;)Ljavafx/event/Event;+29
j  com.sun.javafx.event.EventHandlerManager.dispatchBubblingEvent(Ljavafx/event/Event;)Ljavafx/event/Event;+8
j  com.sun.javafx.event.CompositeEventDispatcher.dispatchBubblingEvent(Ljavafx/event/Event;)Ljavafx/event/Event;+11
j  com.sun.javafx.event.BasicEventDispatcher.dispatchEvent(Ljavafx/event/Event;Ljavafx/event/EventDispatchChain;)Ljavafx/event/Event;+29
j  com.sun.javafx.event.EventDispatchChainImpl.dispatchEvent(Ljavafx/event/Event;)Ljavafx/event/Event;+69
j  com.sun.javafx.event.BasicEventDispatcher.dispatchEvent(Ljavafx/event/Event;Ljavafx/event/EventDispatchChain;)Ljavafx/event/Event;+17
j  com.sun.javafx.event.EventDispatchChainImpl.dispatchEvent(Ljavafx/event/Event;)Ljavafx/event/Event;+69
j  com.sun.javafx.event.BasicEventDispatcher.dispatchEvent(Ljavafx/event/Event;Ljavafx/event/EventDispatchChain;)Ljavafx/event/Event;+17
j  com.sun.javafx.event.EventDispatchChainImpl.dispatchEvent(Ljavafx/event/Event;)Ljavafx/event/Event;+69
j  com.sun.javafx.event.EventUtil.fireEventImpl(Ljavafx/event/EventDispatchChain;Ljavafx/event/EventTarget;Ljavafx/event/Event;)Ljavafx/event/Event;+10
j  com.sun.javafx.event.EventUtil.fireEvent(Ljavafx/event/EventTarget;Ljavafx/event/Event;)Ljavafx/event/Event;+46
j  javafx.event.Event.fireEvent(Ljavafx/event/EventTarget;Ljavafx/event/Event;)V+30
j  javafx.scene.Scene$MouseHandler.process(Ljavafx/scene/input/MouseEvent;Z)V+491
j  javafx.scene.Scene$MouseHandler.access$1500(Ljavafx/scene/Scene$MouseHandler;Ljavafx/scene/input/MouseEvent;Z)V+3
j  javafx.scene.Scene.impl_processMouseEvent(Ljavafx/scene/input/MouseEvent;)V+6
j  javafx.scene.Scene$ScenePeerListener.mouseEvent(Ljavafx/event/EventType;DDDDLjavafx/scene/input/MouseButton;ZZZZZZZZZ)V+46
j  com.sun.javafx.tk.quantum.GlassViewEventHandler$MouseEventNotification.run()Ljava/lang/Void;+571
j  com.sun.javafx.tk.quantum.GlassViewEventHandler$MouseEventNotification.run()Ljava/lang/Object;+1
v  ~StubRoutines::call_stub
j  java.security.AccessController.doPrivileged(Ljava/security/PrivilegedAction;Ljava/security/AccessControlContext;)Ljava/lang/Object;+0
j  com.sun.javafx.tk.quantum.GlassViewEventHandler.lambda$handleMouseEvent$353()Ljava/lang/Void;+11
j  com.sun.javafx.tk.quantum.GlassViewEventHandler$$Lambda$112.get()Ljava/lang/Object;+4
j  com.sun.javafx.tk.quantum.QuantumToolkit.runWithoutRenderLock(Ljava/util/function/Supplier;)Ljava/lang/Object;+18
j  com.sun.javafx.tk.quantum.GlassViewEventHandler.handleMouseEvent(Lcom/sun/glass/ui/View;JIIIIIIIZZ)V+103
j  com.sun.glass.ui.View.handleMouseEvent(JIIIIIIIZZ)V+30
j  com.sun.glass.ui.View.notifyMouse(IIIIIIIZZ)V+181
v  ~StubRoutines::call_stub
j  com.sun.glass.ui.win.WinApplication._runLoop(Ljava/lang/Runnable;)V+0
j  com.sun.glass.ui.win.WinApplication.lambda$null$147(ILjava/lang/Runnable;)V+8
j  com.sun.glass.ui.win.WinApplication$$Lambda$37.run()V+12
j  java.lang.Thread.run()V+11
v  ~StubRoutines::call_stub

---------------  P R O C E S S  ---------------

Java Threads: ( => current thread )
  0x0000000018e03800 JavaThread "Prism Font Disposer" daemon [_thread_blocked, id=6088, stack(0x000000001b310000,0x000000001b410000)]
  0x0000000018be8000 JavaThread "Thread-3" daemon [_thread_in_native, id=7544, stack(0x00000000194d0000,0x00000000195d0000)]
  0x0000000018bf8000 JavaThread "JavaFX-Launcher" [_thread_blocked, id=3560, stack(0x0000000019730000,0x0000000019830000)]
=>0x0000000016ac2000 JavaThread "JavaFX Application Thread" [_thread_in_native, id=6944, stack(0x00000000175d0000,0x00000000176d0000)]
  0x0000000016abe800 JavaThread "Thread-1" daemon [_thread_blocked, id=3868, stack(0x0000000017370000,0x0000000017470000)]
  0x0000000016a9f000 JavaThread "QuantumRenderer-0" daemon [_thread_blocked, id=8016, stack(0x0000000016c30000,0x0000000016d30000)]
  0x000000001674d000 JavaThread "Service Thread" daemon [_thread_blocked, id=1064, stack(0x0000000016d70000,0x0000000016e70000)]
  0x00000000166eb800 JavaThread "C1 CompilerThread2" daemon [_thread_blocked, id=8340, stack(0x0000000016010000,0x0000000016110000)]
  0x00000000166e2800 JavaThread "C2 CompilerThread1" daemon [_thread_blocked, id=7292, stack(0x0000000016b00000,0x0000000016c00000)]
  0x0000000014de3800 JavaThread "C2 CompilerThread0" daemon [_thread_blocked, id=8972, stack(0x00000000165e0000,0x00000000166e0000)]
  0x0000000014ddf800 JavaThread "Attach Listener" daemon [_thread_blocked, id=5020, stack(0x00000000164c0000,0x00000000165c0000)]
  0x0000000014ddf000 JavaThread "Signal Dispatcher" daemon [_thread_blocked, id=4068, stack(0x0000000016290000,0x0000000016390000)]
  0x0000000014dca800 JavaThread "Finalizer" daemon [_thread_blocked, id=2272, stack(0x0000000016120000,0x0000000016220000)]
  0x0000000014d83800 JavaThread "Reference Handler" daemon [_thread_blocked, id=4072, stack(0x0000000015ef0000,0x0000000015ff0000)]
  0x0000000002338000 JavaThread "main" [_thread_blocked, id=9140, stack(0x00000000024b0000,0x00000000025b0000)]

Other Threads:
  0x0000000014d7b800 VMThread [stack: 0x0000000015d10000,0x0000000015e10000] [id=7784]
  0x000000001675e800 WatcherThread [stack: 0x0000000016e80000,0x0000000016f80000] [id=8800]

VM state:not at safepoint (normal execution)

VM Mutex/Monitor currently owned by a thread: None

Heap:
 PSYoungGen      total 31744K, used 4914K [0x00000000ed980000, 0x00000000efa80000, 0x0000000100000000)
  eden space 29696K, 9% used [0x00000000ed980000,0x00000000edc50ae0,0x00000000ef680000)
  from space 2048K, 99% used [0x00000000ef880000,0x00000000efa7c030,0x00000000efa80000)
  to   space 2048K, 0% used [0x00000000ef680000,0x00000000ef680000,0x00000000ef880000)
 ParOldGen       total 38400K, used 4399K [0x00000000c8c00000, 0x00000000cb180000, 0x00000000ed980000)
  object space 38400K, 11% used [0x00000000c8c00000,0x00000000c904beb8,0x00000000cb180000)
 Metaspace       used 15423K, capacity 15944K, committed 16128K, reserved 1062912K
  class space    used 2026K, capacity 2179K, committed 2304K, reserved 1048576K

Card table byte_map: [0x0000000011c40000,0x0000000011e00000] byte_map_base: 0x00000000115fa000

Marking Bits: (ParMarkBitMap*) 0x0000000053b33c10
 Begin Bits: [0x0000000012690000, 0x0000000013460000)
 End Bits:   [0x0000000013460000, 0x0000000014230000)

Polling page: 0x0000000000230000

CodeCache: size=245760Kb used=3919Kb max_used=3919Kb free=241840Kb
 bounds [0x0000000002880000, 0x0000000002c60000, 0x0000000011880000]
 total_blobs=1747 nmethods=1110 adapters=549
 compilation: enabled

Compilation events (10 events):
Event: 1.726 Thread 0x00000000166eb800 nmethod 1105 0x0000000002c51490 code [0x0000000002c515e0, 0x0000000002c516f0]
Event: 1.807 Thread 0x00000000166eb800 1106       3       java.util.concurrent.atomic.AtomicBoolean::get (13 bytes)
Event: 1.807 Thread 0x00000000166eb800 nmethod 1106 0x0000000002c51790 code [0x0000000002c518e0, 0x0000000002c51a90]
Event: 1.866 Thread 0x00000000166eb800 1107       3       java.util.Locale::getDefault (4 bytes)
Event: 1.867 Thread 0x00000000166eb800 nmethod 1107 0x0000000002c51b10 code [0x0000000002c51c60, 0x0000000002c51db0]
Event: 1.868 Thread 0x00000000166eb800 1108       3       java.util.HashSet::remove (20 bytes)
Event: 1.869 Thread 0x00000000166eb800 nmethod 1108 0x0000000002c51e10 code [0x0000000002c51f80, 0x0000000002c52208]
Event: 1.869 Thread 0x00000000166eb800 1109       3       java.util.HashMap::remove (26 bytes)
Event: 1.869 Thread 0x00000000166eb800 nmethod 1109 0x0000000002c522d0 code [0x0000000002c52460, 0x0000000002c52878]
Event: 1.869 Thread 0x00000000166eb800 1110       3       java.util.HashMap::removeNode (291 bytes)

GC Heap History (4 events):
Event: 0.594 GC heap before
{Heap before GC invocations=1 (full 0):
 PSYoungGen      total 16896K, used 14848K [0x00000000ed980000, 0x00000000eec00000, 0x0000000100000000)
  eden space 14848K, 100% used [0x00000000ed980000,0x00000000ee800000,0x00000000ee800000)
  from space 2048K, 0% used [0x00000000eea00000,0x00000000eea00000,0x00000000eec00000)
  to   space 2048K, 0% used [0x00000000ee800000,0x00000000ee800000,0x00000000eea00000)
 ParOldGen       total 38400K, used 0K [0x00000000c8c00000, 0x00000000cb180000, 0x00000000ed980000)
  object space 38400K, 0% used [0x00000000c8c00000,0x00000000c8c00000,0x00000000cb180000)
 Metaspace       used 10513K, capacity 10912K, committed 11136K, reserved 1058816K
  class space    used 1254K, capacity 1394K, committed 1408K, reserved 1048576K
Event: 0.606 GC heap after
Heap after GC invocations=1 (full 0):
 PSYoungGen      total 16896K, used 2032K [0x00000000ed980000, 0x00000000efa80000, 0x0000000100000000)
  eden space 14848K, 0% used [0x00000000ed980000,0x00000000ed980000,0x00000000ee800000)
  from space 2048K, 99% used [0x00000000ee800000,0x00000000ee9fc030,0x00000000eea00000)
  to   space 2048K, 0% used [0x00000000ef880000,0x00000000ef880000,0x00000000efa80000)
 ParOldGen       total 38400K, used 568K [0x00000000c8c00000, 0x00000000cb180000, 0x00000000ed980000)
  object space 38400K, 1% used [0x00000000c8c00000,0x00000000c8c8e188,0x00000000cb180000)
 Metaspace       used 10513K, capacity 10912K, committed 11136K, reserved 1058816K
  class space    used 1254K, capacity 1394K, committed 1408K, reserved 1048576K
}
Event: 0.994 GC heap before
{Heap before GC invocations=2 (full 0):
 PSYoungGen      total 16896K, used 16858K [0x00000000ed980000, 0x00000000efa80000, 0x0000000100000000)
  eden space 14848K, 99% used [0x00000000ed980000,0x00000000ee7fa9a0,0x00000000ee800000)
  from space 2048K, 99% used [0x00000000ee800000,0x00000000ee9fc030,0x00000000eea00000)
  to   space 2048K, 0% used [0x00000000ef880000,0x00000000ef880000,0x00000000efa80000)
 ParOldGen       total 38400K, used 568K [0x00000000c8c00000, 0x00000000cb180000, 0x00000000ed980000)
  object space 38400K, 1% used [0x00000000c8c00000,0x00000000c8c8e188,0x00000000cb180000)
 Metaspace       used 14833K, capacity 15376K, committed 15488K, reserved 1062912K
  class space    used 1941K, capacity 2095K, committed 2176K, reserved 1048576K
Event: 1.011 GC heap after
Heap after GC invocations=2 (full 0):
 PSYoungGen      total 31744K, used 2032K [0x00000000ed980000, 0x00000000efa80000, 0x0000000100000000)
  eden space 29696K, 0% used [0x00000000ed980000,0x00000000ed980000,0x00000000ef680000)
  from space 2048K, 99% used [0x00000000ef880000,0x00000000efa7c030,0x00000000efa80000)
  to   space 2048K, 0% used [0x00000000ef680000,0x00000000ef680000,0x00000000ef880000)
 ParOldGen       total 38400K, used 4399K [0x00000000c8c00000, 0x00000000cb180000, 0x00000000ed980000)
  object space 38400K, 11% used [0x00000000c8c00000,0x00000000c904beb8,0x00000000cb180000)
 Metaspace       used 14833K, capacity 15376K, committed 15488K, reserved 1062912K
  class space    used 1941K, capacity 2095K, committed 2176K, reserved 1048576K
}

Deoptimization events (10 events):
Event: 0.857 Thread 0x0000000016ac2000 Uncommon trap: reason=class_check action=maybe_recompile pc=0x0000000002b40710 method=java.io.DataInputStream.readShort()S @ 4
Event: 0.858 Thread 0x0000000016ac2000 Uncommon trap: reason=class_check action=maybe_recompile pc=0x0000000002b40710 method=java.io.DataInputStream.readShort()S @ 4
Event: 0.859 Thread 0x0000000016ac2000 Uncommon trap: reason=class_check action=maybe_recompile pc=0x0000000002b40710 method=java.io.DataInputStream.readShort()S @ 4
Event: 0.859 Thread 0x0000000016ac2000 Uncommon trap: reason=class_check action=maybe_recompile pc=0x0000000002b40710 method=java.io.DataInputStream.readShort()S @ 4
Event: 0.867 Thread 0x0000000016ac2000 Uncommon trap: reason=class_check action=maybe_recompile pc=0x00000000029a1058 method=java.lang.String.equals(Ljava/lang/Object;)Z @ 8
Event: 0.867 Thread 0x0000000016ac2000 Uncommon trap: reason=class_check action=maybe_recompile pc=0x00000000029a1058 method=java.lang.String.equals(Ljava/lang/Object;)Z @ 8
Event: 0.867 Thread 0x0000000016ac2000 Uncommon trap: reason=class_check action=maybe_recompile pc=0x00000000029a1058 method=java.lang.String.equals(Ljava/lang/Object;)Z @ 8
Event: 0.869 Thread 0x0000000016ac2000 Uncommon trap: reason=class_check action=maybe_recompile pc=0x00000000029a1058 method=java.lang.String.equals(Ljava/lang/Object;)Z @ 8
Event: 0.894 Thread 0x0000000016ac2000 Uncommon trap: reason=unstable_if action=reinterpret pc=0x0000000002bb5988 method=java.lang.String.regionMatches(ZILjava/lang/String;II)Z @ 123
Event: 1.683 Thread 0x0000000016ac2000 Uncommon trap: reason=unstable_if action=reinterpret pc=0x0000000002bf0a68 method=jdk.internal.org.objectweb.asm.Type.getArgumentsAndReturnSizes(Ljava/lang/String;)I @ 47

Classes redefined (0 events):
No events

Internal exceptions (10 events):
Event: 0.138 Thread 0x0000000002338000 Exception <a 'java/security/PrivilegedActionException'> (0x00000000edbf33a0) thrown at [C:\re\workspace\8-2-build-windows-amd64-cygwin\jdk8u172\10810\hotspot\src\share\vm\prims\jvm.cpp, line 1435]
Event: 0.138 Thread 0x0000000002338000 Exception <a 'java/security/PrivilegedActionException'> (0x00000000edbf35b0) thrown at [C:\re\workspace\8-2-build-windows-amd64-cygwin\jdk8u172\10810\hotspot\src\share\vm\prims\jvm.cpp, line 1435]
Event: 0.138 Thread 0x0000000002338000 Exception <a 'java/security/PrivilegedActionException'> (0x00000000edbf74c0) thrown at [C:\re\workspace\8-2-build-windows-amd64-cygwin\jdk8u172\10810\hotspot\src\share\vm\prims\jvm.cpp, line 1435]
Event: 0.138 Thread 0x0000000002338000 Exception <a 'java/security/PrivilegedActionException'> (0x00000000edbf76d0) thrown at [C:\re\workspace\8-2-build-windows-amd64-cygwin\jdk8u172\10810\hotspot\src\share\vm\prims\jvm.cpp, line 1435]
Event: 0.138 Thread 0x0000000002338000 Exception <a 'java/lang/NullPointerException'> (0x00000000edbf7ca8) thrown at [C:\re\workspace\8-2-build-windows-amd64-cygwin\jdk8u172\10810\hotspot\src\share\vm\interpreter\linkResolver.cpp, line 1185]
Event: 0.580 Thread 0x0000000016ac2000 Exception <a 'java/lang/NullPointerException'> (0x00000000ee7839d0) thrown at [C:\re\workspace\8-2-build-windows-amd64-cygwin\jdk8u172\10810\hotspot\src\share\vm\interpreter\linkResolver.cpp, line 1185]
Event: 0.580 Thread 0x0000000016ac2000 Exception <a 'java/lang/NullPointerException'> (0x00000000ee7839d0) thrown at [C:\re\workspace\8-2-build-windows-amd64-cygwin\jdk8u172\10810\hotspot\src\share\vm\prims\jvm.cpp, line 1439]
Event: 0.704 Thread 0x0000000016ac2000 Exception <a 'java/lang/ArrayIndexOutOfBoundsException'> (0x00000000ede79120) thrown at [C:\re\workspace\8-2-build-windows-amd64-cygwin\jdk8u172\10810\hotspot\src\share\vm\runtime\sharedRuntime.cpp, line 605]
Event: 0.704 Thread 0x0000000016ac2000 Exception <a 'java/lang/ArrayIndexOutOfBoundsException'> (0x00000000ede79e20) thrown at [C:\re\workspace\8-2-build-windows-amd64-cygwin\jdk8u172\10810\hotspot\src\share\vm\runtime\sharedRuntime.cpp, line 605]
Event: 0.705 Thread 0x0000000016ac2000 Exception <a 'java/lang/ArrayIndexOutOfBoundsException'> (0x00000000ede7b1c8) thrown at [C:\re\workspace\8-2-build-windows-amd64-cygwin\jdk8u172\10810\hotspot\src\share\vm\runtime\sharedRuntime.cpp, line 605]

Events (10 events):
Event: 1.686 loading class com/sun/scenario/animation/AnimationPulse$PulseData$Accessor
Event: 1.686 loading class com/sun/scenario/animation/AnimationPulse$PulseData$Accessor done
Event: 1.686 loading class com/sun/scenario/animation/AnimationPulse$PulseData
Event: 1.686 loading class com/sun/scenario/animation/AnimationPulse$PulseData done
Event: 1.686 loading class com/sun/scenario/animation/AnimationPulse$PulseData$Accessor
Event: 1.686 loading class com/sun/scenario/animation/AnimationPulse$PulseData$Accessor done
Event: 1.687 loading class javafx/animation/Animation$1
Event: 1.687 loading class javafx/animation/Animation$1 done
Event: 1.726 loading class parser/Ficha
Event: 1.726 loading class parser/Ficha done


Dynamic libraries:
0x000000013f6c0000 - 0x000000013f6f7000 	C:\Program Files\Java\jdk1.8.0_172\jre\bin\java.exe
0x00000000775c0000 - 0x000000007776a000 	C:\Windows\SYSTEM32\ntdll.dll
0x00000000773a0000 - 0x00000000774bf000 	C:\Windows\system32\kernel32.dll
0x000007fefd490000 - 0x000007fefd4fa000 	C:\Windows\system32\KERNELBASE.dll
0x000007fefda20000 - 0x000007fefdafb000 	C:\Windows\system32\ADVAPI32.dll
0x000007fefd8a0000 - 0x000007fefd93f000 	C:\Windows\system32\msvcrt.dll
0x000007feff400000 - 0x000007feff41f000 	C:\Windows\SYSTEM32\sechost.dll
0x000007feff2d0000 - 0x000007feff3fd000 	C:\Windows\system32\RPCRT4.dll
0x00000000774c0000 - 0x00000000775ba000 	C:\Windows\system32\USER32.dll
0x000007feff860000 - 0x000007feff8c7000 	C:\Windows\system32\GDI32.dll
0x000007fefe990000 - 0x000007fefe99e000 	C:\Windows\system32\LPK.dll
0x000007feff5b0000 - 0x000007feff67b000 	C:\Windows\system32\USP10.dll
0x000007fefbaa0000 - 0x000007fefbc94000 	C:\Windows\WinSxS\amd64_microsoft.windows.common-controls_6595b64144ccf1df_6.0.7601.18837_none_fa3b1e3d17594757\COMCTL32.dll
0x000007fefd670000 - 0x000007fefd6e1000 	C:\Windows\system32\SHLWAPI.dll
0x000007fefee70000 - 0x000007fefee9e000 	C:\Windows\system32\IMM32.DLL
0x000007fefd790000 - 0x000007fefd899000 	C:\Windows\system32\MSCTF.dll
0x00000000672e0000 - 0x00000000673b2000 	C:\Program Files\Java\jdk1.8.0_172\jre\bin\msvcr100.dll
0x0000000053310000 - 0x0000000053bb3000 	C:\Program Files\Java\jdk1.8.0_172\jre\bin\server\jvm.dll
0x000007fef3990000 - 0x000007fef3999000 	C:\Windows\system32\WSOCK32.dll
0x000007fefdb00000 - 0x000007fefdb4d000 	C:\Windows\system32\WS2_32.dll
0x000007fefdb70000 - 0x000007fefdb78000 	C:\Windows\system32\NSI.dll
0x000007fefaf90000 - 0x000007fefafcb000 	C:\Windows\system32\WINMM.dll
0x000007fefc340000 - 0x000007fefc34c000 	C:\Windows\system32\VERSION.dll
0x0000000077790000 - 0x0000000077797000 	C:\Windows\system32\PSAPI.DLL
0x0000000074e30000 - 0x0000000074e3f000 	C:\Program Files\Java\jdk1.8.0_172\jre\bin\verify.dll
0x0000000074e00000 - 0x0000000074e29000 	C:\Program Files\Java\jdk1.8.0_172\jre\bin\java.dll
0x0000000074de0000 - 0x0000000074df6000 	C:\Program Files\Java\jdk1.8.0_172\jre\bin\zip.dll
0x000007fefdb80000 - 0x000007fefe90a000 	C:\Windows\system32\SHELL32.dll
0x000007fefec70000 - 0x000007fefee6c000 	C:\Windows\system32\ole32.dll
0x000007fefd2c0000 - 0x000007fefd2cf000 	C:\Windows\system32\profapi.dll
0x000007fefba70000 - 0x000007fefba73000 	C:\Program Files\Java\jdk1.8.0_172\jre\bin\api-ms-win-core-console-l1-1-0.dll
0x000007fefba90000 - 0x000007fefba93000 	C:\Program Files\Java\jdk1.8.0_172\jre\bin\api-ms-win-core-datetime-l1-1-0.dll
0x000007fefa7f0000 - 0x000007fefa7f3000 	C:\Program Files\Java\jdk1.8.0_172\jre\bin\api-ms-win-core-debug-l1-1-0.dll
0x000007fefa8a0000 - 0x000007fefa8a3000 	C:\Program Files\Java\jdk1.8.0_172\jre\bin\api-ms-win-core-errorhandling-l1-1-0.dll
0x000007fef8060000 - 0x000007fef8064000 	C:\Program Files\Java\jdk1.8.0_172\jre\bin\api-ms-win-core-file-l1-1-0.dll
0x000007fef8050000 - 0x000007fef8053000 	C:\Program Files\Java\jdk1.8.0_172\jre\bin\api-ms-win-core-file-l1-2-0.dll
0x000007fef8020000 - 0x000007fef8023000 	C:\Program Files\Java\jdk1.8.0_172\jre\bin\api-ms-win-core-file-l2-1-0.dll
0x000007fef7f70000 - 0x000007fef7f73000 	C:\Program Files\Java\jdk1.8.0_172\jre\bin\api-ms-win-core-handle-l1-1-0.dll
0x000007fef7f60000 - 0x000007fef7f63000 	C:\Program Files\Java\jdk1.8.0_172\jre\bin\api-ms-win-core-heap-l1-1-0.dll
0x000007fef7f50000 - 0x000007fef7f53000 	C:\Program Files\Java\jdk1.8.0_172\jre\bin\api-ms-win-core-interlocked-l1-1-0.dll
0x000007fef7f40000 - 0x000007fef7f43000 	C:\Program Files\Java\jdk1.8.0_172\jre\bin\api-ms-win-core-libraryloader-l1-1-0.dll
0x000007fef7f30000 - 0x000007fef7f33000 	C:\Program Files\Java\jdk1.8.0_172\jre\bin\api-ms-win-core-localization-l1-2-0.dll
0x000007fef7f20000 - 0x000007fef7f23000 	C:\Program Files\Java\jdk1.8.0_172\jre\bin\api-ms-win-core-memory-l1-1-0.dll
0x000007fef7f10000 - 0x000007fef7f13000 	C:\Program Files\Java\jdk1.8.0_172\jre\bin\api-ms-win-core-namedpipe-l1-1-0.dll
0x000007fef7f00000 - 0x000007fef7f03000 	C:\Program Files\Java\jdk1.8.0_172\jre\bin\api-ms-win-core-processenvironment-l1-1-0.dll
0x000007fef7ef0000 - 0x000007fef7ef3000 	C:\Program Files\Java\jdk1.8.0_172\jre\bin\api-ms-win-core-processthreads-l1-1-0.dll
0x000007fef7ee0000 - 0x000007fef7ee3000 	C:\Program Files\Java\jdk1.8.0_172\jre\bin\api-ms-win-core-processthreads-l1-1-1.dll
0x000007fef7ed0000 - 0x000007fef7ed3000 	C:\Program Files\Java\jdk1.8.0_172\jre\bin\api-ms-win-core-profile-l1-1-0.dll
0x000007fef7ec0000 - 0x000007fef7ec3000 	C:\Program Files\Java\jdk1.8.0_172\jre\bin\api-ms-win-core-rtlsupport-l1-1-0.dll
0x000007fef7eb0000 - 0x000007fef7eb3000 	C:\Program Files\Java\jdk1.8.0_172\jre\bin\api-ms-win-core-string-l1-1-0.dll
0x000007fef7ea0000 - 0x000007fef7ea3000 	C:\Program Files\Java\jdk1.8.0_172\jre\bin\api-ms-win-core-synch-l1-1-0.dll
0x000007fef7e90000 - 0x000007fef7e93000 	C:\Program Files\Java\jdk1.8.0_172\jre\bin\api-ms-win-core-synch-l1-2-0.dll
0x000007fef7e80000 - 0x000007fef7e83000 	C:\Program Files\Java\jdk1.8.0_172\jre\bin\api-ms-win-core-sysinfo-l1-1-0.dll
0x000007fef7e70000 - 0x000007fef7e73000 	C:\Program Files\Java\jdk1.8.0_172\jre\bin\api-ms-win-core-timezone-l1-1-0.dll
0x000007fef7e60000 - 0x000007fef7e63000 	C:\Program Files\Java\jdk1.8.0_172\jre\bin\api-ms-win-core-util-l1-1-0.dll
0x000007fef7e50000 - 0x000007fef7e53000 	C:\Program Files\Java\jdk1.8.0_172\jre\bin\api-ms-win-crt-conio-l1-1-0.dll
0x000007fef7e40000 - 0x000007fef7e44000 	C:\Program Files\Java\jdk1.8.0_172\jre\bin\api-ms-win-crt-convert-l1-1-0.dll
0x000007fef7e30000 - 0x000007fef7e33000 	C:\Program Files\Java\jdk1.8.0_172\jre\bin\api-ms-win-crt-environment-l1-1-0.dll
0x000007fef7e20000 - 0x000007fef7e23000 	C:\Program Files\Java\jdk1.8.0_172\jre\bin\api-ms-win-crt-filesystem-l1-1-0.dll
0x000007fef7e10000 - 0x000007fef7e13000 	C:\Program Files\Java\jdk1.8.0_172\jre\bin\api-ms-win-crt-heap-l1-1-0.dll
0x000007fef7e00000 - 0x000007fef7e03000 	C:\Program Files\Java\jdk1.8.0_172\jre\bin\api-ms-win-crt-locale-l1-1-0.dll
0x000007fef74b0000 - 0x000007fef74b5000 	C:\Program Files\Java\jdk1.8.0_172\jre\bin\api-ms-win-crt-math-l1-1-0.dll
0x000007fef7460000 - 0x000007fef7465000 	C:\Program Files\Java\jdk1.8.0_172\jre\bin\api-ms-win-crt-multibyte-l1-1-0.dll
0x000007fef0f40000 - 0x000007fef0f50000 	C:\Program Files\Java\jdk1.8.0_172\jre\bin\api-ms-win-crt-private-l1-1-0.dll
0x000007fef0f30000 - 0x000007fef0f33000 	C:\Program Files\Java\jdk1.8.0_172\jre\bin\api-ms-win-crt-process-l1-1-0.dll
0x000007fef0a90000 - 0x000007fef0a94000 	C:\Program Files\Java\jdk1.8.0_172\jre\bin\api-ms-win-crt-runtime-l1-1-0.dll
0x000007fef0a80000 - 0x000007fef0a84000 	C:\Program Files\Java\jdk1.8.0_172\jre\bin\api-ms-win-crt-stdio-l1-1-0.dll
0x000007fef0a70000 - 0x000007fef0a74000 	C:\Program Files\Java\jdk1.8.0_172\jre\bin\api-ms-win-crt-string-l1-1-0.dll
0x000007fef0a60000 - 0x000007fef0a63000 	C:\Program Files\Java\jdk1.8.0_172\jre\bin\api-ms-win-crt-time-l1-1-0.dll
0x000007fef0a10000 - 0x000007fef0a13000 	C:\Program Files\Java\jdk1.8.0_172\jre\bin\api-ms-win-crt-utility-l1-1-0.dll
0x000007fee2670000 - 0x000007fee2766000 	C:\Program Files\Java\jdk1.8.0_172\jre\bin\ucrtbase.dll
0x000007feefbf0000 - 0x000007feefc06000 	C:\Program Files\Java\jdk1.8.0_172\jre\bin\vcruntime140.dll
0x000007fedfc20000 - 0x000007fedfcbc000 	C:\Program Files\Java\jdk1.8.0_172\jre\bin\msvcp140.dll
0x000007feeede0000 - 0x000007feeee31000 	C:\Program Files\Java\jdk1.8.0_172\jre\bin\concrt140.dll
0x000000006de00000 - 0x000000006de23000 	C:\Program Files\Java\jdk1.8.0_172\jre\bin\prism_d3d.dll
0x000007fee27e0000 - 0x000007fee29df000 	C:\Windows\system32\d3d9.dll
0x000007fef08e0000 - 0x000007fef08e7000 	C:\Windows\system32\d3d8thk.dll
0x000007fefaab0000 - 0x000007fefaac8000 	C:\Windows\system32\dwmapi.dll
0x000007fefb2f0000 - 0x000007fefb346000 	C:\Windows\system32\uxtheme.dll
0x000007fedb9b0000 - 0x000007fedd157000 	C:\Windows\system32\igdumdim64.dll
0x000000006c8d0000 - 0x000000006c919000 	C:\Program Files\Java\jdk1.8.0_172\jre\bin\glass.dll
0x000007feff1d0000 - 0x000007feff267000 	C:\Windows\system32\COMDLG32.dll
0x000007fefd940000 - 0x000007fefda1a000 	C:\Windows\system32\OLEAUT32.dll
0x000007fefd110000 - 0x000007fefd11f000 	C:\Windows\system32\CRYPTBASE.dll
0x000007fee8180000 - 0x000007fee8b64000 	C:\Windows\system32\igdusc64.dll
0x000007fefcaa0000 - 0x000007fefcab8000 	C:\Windows\system32\CRYPTSP.dll
0x000007fefc7a0000 - 0x000007fefc7e7000 	C:\Windows\system32\rsaenh.dll
0x000007fefd2d0000 - 0x000007fefd2ee000 	C:\Windows\system32\USERENV.dll
0x0000000074dc0000 - 0x0000000074dda000 	C:\Program Files\Java\jdk1.8.0_172\jre\bin\net.dll
0x000007fefca40000 - 0x000007fefca95000 	C:\Windows\system32\mswsock.dll
0x000007fefca30000 - 0x000007fefca37000 	C:\Windows\System32\wship6.dll
0x000007fefb390000 - 0x000007fefb3b7000 	C:\Windows\system32\IPHLPAPI.DLL
0x000007fefb370000 - 0x000007fefb37b000 	C:\Windows\system32\WINNSI.DLL
0x000007fefadf0000 - 0x000007fefae01000 	C:\Windows\system32\dhcpcsvc6.DLL
0x000007fefadd0000 - 0x000007fefade8000 	C:\Windows\system32\dhcpcsvc.DLL
0x0000000074da0000 - 0x0000000074db1000 	C:\Program Files\Java\jdk1.8.0_172\jre\bin\nio.dll
0x000000006f8c0000 - 0x000000006f97d000 	C:\Users\Escritorio\AppData\Local\Temp\sqlite-3.8.10.1-2e97328c-9ffe-4ed2-adb1-0b38504a2865-sqlitejdbc.dll
0x000000006ded0000 - 0x000000006dee4000 	C:\Program Files\Java\jdk1.8.0_172\jre\bin\javafx_font.dll
0x000007feef0f0000 - 0x000007feef287000 	C:\Windows\system32\dwrite.dll
0x000007fefd6f0000 - 0x000007fefd789000 	C:\Windows\system32\CLBCatQ.DLL
0x000007fefa940000 - 0x000007fefaaa1000 	C:\Windows\system32\WindowsCodecs.dll
0x000007fefd0b0000 - 0x000007fefd107000 	C:\Windows\system32\apphelp.dll
0x000007fee9600000 - 0x000007fee9791000 	C:\Users\Escritorio\AppData\Local\Microsoft\OneDrive\18.091.0506.0007\amd64\FileSyncShell64.dll
0x000007fefb8f0000 - 0x000007fefba1c000 	C:\Windows\system32\PROPSYS.dll
0x000007fefab10000 - 0x000007fefab1a000 	C:\Windows\system32\ktmw32.dll
0x000007fefeea0000 - 0x000007feff1c1000 	C:\Windows\system32\WININET.dll
0x000007fefd410000 - 0x000007fefd414000 	C:\Windows\system32\api-ms-win-downlevel-user32-l1-1-0.dll
0x000007fefd460000 - 0x000007fefd464000 	C:\Windows\system32\api-ms-win-downlevel-shlwapi-l1-1-0.dll
0x000007fefd470000 - 0x000007fefd474000 	C:\Windows\system32\api-ms-win-downlevel-version-l1-1-0.dll
0x000007fefd300000 - 0x000007fefd303000 	C:\Windows\system32\api-ms-win-downlevel-normaliz-l1-1-0.dll
0x0000000077780000 - 0x0000000077783000 	C:\Windows\system32\normaliz.DLL
0x000007fefe9a0000 - 0x000007fefec6b000 	C:\Windows\system32\iertutil.dll
0x000007fefd480000 - 0x000007fefd485000 	C:\Windows\system32\api-ms-win-downlevel-advapi32-l1-1-0.dll
0x000007fee9c20000 - 0x000007fee9c55000 	C:\Windows\system32\EhStorShell.dll
0x000007feff680000 - 0x000007feff857000 	C:\Windows\system32\SETUPAPI.dll
0x000007fefd3d0000 - 0x000007fefd406000 	C:\Windows\system32\CFGMGR32.dll
0x000007fefd3b0000 - 0x000007fefd3ca000 	C:\Windows\system32\DEVOBJ.dll
0x000007fee9580000 - 0x000007fee95fe000 	C:\Windows\System32\cscui.dll
0x000007fee9c10000 - 0x000007fee9c1c000 	C:\Windows\System32\CSCDLL.dll
0x000007fef8fc0000 - 0x000007fef8fcf000 	C:\Windows\system32\CSCAPI.dll
0x000007feee2d0000 - 0x000007feee350000 	C:\Windows\system32\ntshrui.dll
0x000007fefcd40000 - 0x000007fefcd63000 	C:\Windows\system32\srvcli.dll
0x000007fefb3e0000 - 0x000007fefb3eb000 	C:\Windows\system32\slc.dll
0x000007fee9480000 - 0x000007fee94ad000 	C:\Program Files\Common Files\Microsoft Shared\Ink\rtscom.dll
0x000000006de40000 - 0x000000006de52000 	C:\Program Files\Java\jdk1.8.0_172\jre\bin\prism_common.dll
0x000007fef0f50000 - 0x000007fef1075000 	C:\Windows\system32\dbghelp.dll

VM Arguments:
jvm_args: -Dfile.encoding=UTF-8 
java_command: C:\Users\Escritorio\Documents\GitHub\ProjetoTormenta\dist\run1739313227\ProjetoTormenta.jar
java_class_path (initial): C:\Users\Escritorio\Documents\GitHub\ProjetoTormenta\dist\run1739313227\ProjetoTormenta.jar
Launcher Type: SUN_STANDARD

Environment Variables:
PATH=C:\Program Files (x86)\Common Files\Oracle\Java\javapath;C:\ProgramData\Oracle\Java\javapath;C:\Program Files\Common Files\Microsoft Shared\Windows Live;C:\Program Files (x86)\Common Files\Microsoft Shared\Windows Live;C:\Program Files (x86)\Intel\iCLS Client\;C:\Program Files\Intel\iCLS Client\;C:\Windows\system32;C:\Windows;C:\Windows\System32\Wbem;C:\Windows\System32\WindowsPowerShell\v1.0\;C:\Windows\System32\WindowsPowerShell\v1.0\;C:\Program Files\Intel\Intel(R) Management Engine Components\DAL;C:\Program Files\Intel\Intel(R) Management Engine Components\IPT;C:\Program Files (x86)\Intel\Intel(R) Management Engine Components\DAL;C:\Program Files (x86)\Intel\Intel(R) Management Engine Components\IPT;C:\Program Files (x86)\Windows Live\Shared;C:\Program Files (x86)\Skype\Phone\; C:\Users\Escritorio\AppData\Local\Programs\Python\Python36-32;C:\Windows\System32\WindowsPowerShell\v1.0\;C:\Users\Escritorio\AppData\Local\Programs\Python\Python36-32\Scripts\;C:\Users\Escritorio\AppData\Local\Programs\Python\Python36-32\;C:\Program Files\Microsoft VS Code\bin;C:\Program Files\Java\jdk1.8.0_172\bin;C:\Program Files\Java\jdk1.8.0_172\lib;
USERNAME=contabilidade
OS=Windows_NT
PROCESSOR_IDENTIFIER=Intel64 Family 6 Model 60 Stepping 3, GenuineIntel



---------------  S Y S T E M  ---------------

OS: Windows 7 , 64 bit Build 7601 (6.1.7601.23915)

CPU:total 4 (initial active 4) (2 cores per cpu, 2 threads per core) family 6 model 60 stepping 3, cmov, cx8, fxsr, mmx, sse, sse2, sse3, ssse3, sse4.1, sse4.2, popcnt, avx, avx2, aes, clmul, erms, lzcnt, ht, tsc, tscinvbit, bmi1, bmi2

Memory: 4k page, physical 3620140k(751244k free), swap 7238420k(2267344k free)

vm_info: Java HotSpot(TM) 64-Bit Server VM (25.172-b11) for windows-amd64 JRE (1.8.0_172-b11), built on Mar 28 2018 21:21:52 by "java_re" with MS VC++ 10.0 (VS2010)

time: Mon Jun 25 11:55:06 2018
elapsed time: 1 seconds (0d 0h 0m 1s)

